Using pre-set license
Built from '2020.3/release' branch; Version is '2020.3.1f1 (77a89f25062f) revision 7841951'; Using compiler version '192528614'; Build Type 'Release'
OS: 'Windows 10 Home; OS build 19042.1110; Version 2009; 64bit' Language: 'en' Physical Memory: 7645 MB
BatchMode: 1, IsHumanControllingUs: 0, StartBugReporterOnCrash: 0, Is64bit: 1, IsPro: 0

 COMMAND LINE ARGUMENTS:
C:\Program Files\Unity\Hub\Editor\2020.3.1f1\Editor\Unity.exe
-adb2
-batchMode
-noUpm
-name
AssetImportWorker3
-projectPath
C:/Users/Malachai/Documents/Unity/Projects/Drifty-Tanks-2
-logFile
Logs/AssetImportWorker3.log
-srvPort
60309
Successfully changed project path to: C:/Users/Malachai/Documents/Unity/Projects/Drifty-Tanks-2
C:/Users/Malachai/Documents/Unity/Projects/Drifty-Tanks-2
Using Asset Import Pipeline V2.
Refreshing native plugins compatible for Editor in 773.21 ms, found 0 plugins.
Preloading 0 native plugins for Editor in 0.00 ms.
Initialize engine version: 2020.3.1f1 (77a89f25062f)
[Subsystems] Discovering subsystems at path C:/Program Files/Unity/Hub/Editor/2020.3.1f1/Editor/Data/Resources/UnitySubsystems
[Subsystems] Discovering subsystems at path C:/Users/Malachai/Documents/Unity/Projects/Drifty-Tanks-2/Assets
GfxDevice: creating device client; threaded=0
Direct3D:
    Version:  Direct3D 11.0 [level 11.1]
    Renderer: AMD Radeon(TM) R5 Graphics (ID=0x98e4)
    Vendor:   
    VRAM:     3822 MB
    Driver:   27.20.15002.8001
Initialize mono
Mono path[0] = 'C:/Program Files/Unity/Hub/Editor/2020.3.1f1/Editor/Data/Managed'
Mono path[1] = 'C:/Program Files/Unity/Hub/Editor/2020.3.1f1/Editor/Data/MonoBleedingEdge/lib/mono/unityjit'
Mono config path = 'C:/Program Files/Unity/Hub/Editor/2020.3.1f1/Editor/Data/MonoBleedingEdge/etc'
Using monoOptions --debugger-agent=transport=dt_socket,embedding=1,server=y,suspend=n,address=127.0.0.1:56868
Begin MonoManager ReloadAssembly
Registering precompiled unity dll's ...
Register platform support module: C:/Program Files/Unity/Hub/Editor/2020.3.1f1/Editor/Data/PlaybackEngines/WebGLSupport/UnityEditor.WebGL.Extensions.dll
Register platform support module: C:/Program Files/Unity/Hub/Editor/2020.3.1f1/Editor/Data/PlaybackEngines/WindowsStandaloneSupport/UnityEditor.WindowsStandalone.Extensions.dll
Registered in 0.006237 seconds.
Native extension for WindowsStandalone target not found
Native extension for WebGL target not found
Refreshing native plugins compatible for Editor in 82.20 ms, found 0 plugins.
Preloading 0 native plugins for Editor in 0.00 ms.
Invoked RoslynAnalysisRunner static constructor.
RoslynAnalysisRunner will not be running.
RoslynAnalysisRunner has terminated.
Mono: successfully reloaded assembly
- Completed reload, in  5.416 seconds
Platform modules already initialized, skipping
Registering precompiled user dll's ...
Registered in 0.003322 seconds.
Begin MonoManager ReloadAssembly
Native extension for WindowsStandalone target not found
Native extension for WebGL target not found
Refreshing native plugins compatible for Editor in 83.71 ms, found 0 plugins.
Preloading 0 native plugins for Editor in 0.00 ms.
Invoked RoslynAnalysisRunner static constructor.
RoslynAnalysisRunner will not be running.
RoslynAnalysisRunner has terminated.
Mono: successfully reloaded assembly
- Completed reload, in  2.545 seconds
Platform modules already initialized, skipping
========================================================================
Worker process is ready to serve import requests
Shader 'Universal Render Pipeline/Particles/Lit': fallback shader 'Universal Render Pipeline/Particles/SimpleLit' not found
Shader 'Universal Render Pipeline/Particles/Lit': fallback shader 'Universal Render Pipeline/Particles/SimpleLit' not found
Launched and connected shader compiler UnityShaderCompiler.exe after 0.13 seconds
Refreshing native plugins compatible for Editor in 0.89 ms, found 0 plugins.
Preloading 0 native plugins for Editor in 0.00 ms.
Unloading 2414 Unused Serialized files (Serialized files now loaded: 0)
System memory in use before: 111.6 MB.
System memory in use after: 109.3 MB.

Unloading 46 unused Assets to reduce memory usage. Loaded Objects now: 2821.
Total: 7.184800 ms (FindLiveObjects: 0.544100 ms CreateObjectMapping: 0.211700 ms MarkObjects: 3.739100 ms  DeleteObjects: 2.685800 ms)

========================================================================
Received Import Request.
  path: Assets/Readme.asset
  artifactKey: Guid(83c2ed844a8c74b779a4c823d16594b1) Importer(815301076,1909f56bfc062723c751e8b465ee728b)
Start importing Assets/Readme.asset using Guid(83c2ed844a8c74b779a4c823d16594b1) Importer(815301076,1909f56bfc062723c751e8b465ee728b)  -> (artifact id: 'f35831333e7f1a380d04c69d9ee475a1') in 0.085554 seconds
  Import took 0.093386 seconds .

========================================================================
Received Import Request.
  Time since last request: 508.987411 seconds.
  path: Assets/Materials
  artifactKey: Guid(d0234ba368eeec9418390da711bfdad0) Importer(815301076,1909f56bfc062723c751e8b465ee728b)
Start importing Assets/Materials using Guid(d0234ba368eeec9418390da711bfdad0) Importer(815301076,1909f56bfc062723c751e8b465ee728b)  -> (artifact id: '0d5212b96c6ca6c4ca162ea1c6dd411e') in 0.014654 seconds
  Import took 0.027918 seconds .

========================================================================
Received Import Request.
  Time since last request: 0.000807 seconds.
  path: Assets/Materials/Ground.mat
  artifactKey: Guid(3445a6e100387d544ab310e2c9d15bf1) Importer(815301076,1909f56bfc062723c751e8b465ee728b)
Start importing Assets/Materials/Ground.mat using Guid(3445a6e100387d544ab310e2c9d15bf1) Importer(815301076,1909f56bfc062723c751e8b465ee728b)  -> (artifact id: 'ee90bcd5193af26e45e636900c47024d') in 1.360990 seconds
  Import took 1.467673 seconds .

========================================================================
Received Import Request.
  Time since last request: 0.000743 seconds.
  path: Assets/Materials/Skybox_Mat.mat
  artifactKey: Guid(0ffaa0b7117ba8c47a9d05ae701d4b4d) Importer(815301076,1909f56bfc062723c751e8b465ee728b)
Start importing Assets/Materials/Skybox_Mat.mat using Guid(0ffaa0b7117ba8c47a9d05ae701d4b4d) Importer(815301076,1909f56bfc062723c751e8b465ee728b)  -> (artifact id: 'dbcede5391a2f3fbf8513c81c1bc22ac') in 0.043014 seconds
  Import took 0.054504 seconds .

========================================================================
Received Import Request.
  Time since last request: 79.193364 seconds.
  path: Assets/Materials/pixil-frame-0 (9).png
  artifactKey: Guid(168dcb6d96e9f1844ac5db2f083c67a6) Importer(815301076,1909f56bfc062723c751e8b465ee728b)
Start importing Assets/Materials/pixil-frame-0 (9).png using Guid(168dcb6d96e9f1844ac5db2f083c67a6) Importer(815301076,1909f56bfc062723c751e8b465ee728b)  -> (artifact id: '39f8efe15542cd6904fe84e974e1f43d') in 0.269396 seconds
  Import took 0.288506 seconds .

========================================================================
Received Import Request.
  Time since last request: 14.325198 seconds.
  path: Assets/Materials/Materials
  artifactKey: Guid(45a795d60a75d6442bc1ecf449c042c8) Importer(815301076,1909f56bfc062723c751e8b465ee728b)
Start importing Assets/Materials/Materials using Guid(45a795d60a75d6442bc1ecf449c042c8) Importer(815301076,1909f56bfc062723c751e8b465ee728b)  -> (artifact id: '47577142d1ace8792134eb77980c87e8') in 0.007138 seconds
  Import took 0.016030 seconds .

========================================================================
Received Import Request.
  Time since last request: 4.732333 seconds.
  path: Assets/Materials/Materials/pixil-frame-0 (9).mat
  artifactKey: Guid(7f818a9d249550543b7549e819aea034) Importer(815301076,1909f56bfc062723c751e8b465ee728b)
Start importing Assets/Materials/Materials/pixil-frame-0 (9).mat using Guid(7f818a9d249550543b7549e819aea034) Importer(815301076,1909f56bfc062723c751e8b465ee728b)  -> (artifact id: '09ab5664e6db7b1caed0165b3e05c43f') in 10.694598 seconds
  Import took 10.703289 seconds .

========================================================================
Received Import Request.
  Time since last request: 37.049777 seconds.
  path: Assets/Materials/Ground.mat
  artifactKey: Guid(3445a6e100387d544ab310e2c9d15bf1) Importer(815301076,1909f56bfc062723c751e8b465ee728b)
Start importing Assets/Materials/Ground.mat using Guid(3445a6e100387d544ab310e2c9d15bf1) Importer(815301076,1909f56bfc062723c751e8b465ee728b)  -> (artifact id: '52c7cf28a08ff203e894028b263003cc') in 4.296331 seconds
  Import took 4.305734 seconds .

AssetImportWorkerClient::OnTransportError - code=2 error=End of file
