Using pre-set license
Built from '2020.3/release' branch; Version is '2020.3.1f1 (77a89f25062f) revision 7841951'; Using compiler version '192528614'; Build Type 'Release'
OS: 'Windows 10 Home; OS build 19042.1110; Version 2009; 64bit' Language: 'en' Physical Memory: 7959 MB
BatchMode: 1, IsHumanControllingUs: 0, StartBugReporterOnCrash: 0, Is64bit: 1, IsPro: 0

 COMMAND LINE ARGUMENTS:
C:\Program Files\Unity\Hub\Editor\2020.3.1f1\Editor\Unity.exe
-adb2
-batchMode
-noUpm
-name
AssetImportWorker0
-projectPath
C:/Users/Malachai/Documents/Unity/Projects/Drifty Tanks 2.0
-logFile
Logs/AssetImportWorker0.log
-srvPort
59258
Successfully changed project path to: C:/Users/Malachai/Documents/Unity/Projects/Drifty Tanks 2.0
C:/Users/Malachai/Documents/Unity/Projects/Drifty Tanks 2.0
Using Asset Import Pipeline V2.
Refreshing native plugins compatible for Editor in 376.85 ms, found 0 plugins.
Preloading 0 native plugins for Editor in 0.00 ms.
Initialize engine version: 2020.3.1f1 (77a89f25062f)
[Subsystems] Discovering subsystems at path C:/Program Files/Unity/Hub/Editor/2020.3.1f1/Editor/Data/Resources/UnitySubsystems
[Subsystems] Discovering subsystems at path C:/Users/Malachai/Documents/Unity/Projects/Drifty Tanks 2.0/Assets
GfxDevice: creating device client; threaded=0
Direct3D:
    Version:  Direct3D 11.0 [level 11.1]
    Renderer: NVIDIA GeForce MX230 (ID=0x1d11)
    Vendor:   
    VRAM:     4028 MB
    Driver:   27.21.14.5771
Initialize mono
Mono path[0] = 'C:/Program Files/Unity/Hub/Editor/2020.3.1f1/Editor/Data/Managed'
Mono path[1] = 'C:/Program Files/Unity/Hub/Editor/2020.3.1f1/Editor/Data/MonoBleedingEdge/lib/mono/unityjit'
Mono config path = 'C:/Program Files/Unity/Hub/Editor/2020.3.1f1/Editor/Data/MonoBleedingEdge/etc'
Using monoOptions --debugger-agent=transport=dt_socket,embedding=1,server=y,suspend=n,address=127.0.0.1:56840
Begin MonoManager ReloadAssembly
Registering precompiled unity dll's ...
Register platform support module: C:/Program Files/Unity/Hub/Editor/2020.3.1f1/Editor/Data/PlaybackEngines/WebGLSupport/UnityEditor.WebGL.Extensions.dll
Register platform support module: C:/Program Files/Unity/Hub/Editor/2020.3.1f1/Editor/Data/PlaybackEngines/MacStandaloneSupport/UnityEditor.OSXStandalone.Extensions.dll
Register platform support module: C:/Program Files/Unity/Hub/Editor/2020.3.1f1/Editor/Data/PlaybackEngines/WindowsStandaloneSupport/UnityEditor.WindowsStandalone.Extensions.dll
Registered in 0.005340 seconds.
Native extension for WindowsStandalone target not found
Native extension for OSXStandalone target not found
Native extension for WebGL target not found
Refreshing native plugins compatible for Editor in 56.19 ms, found 0 plugins.
Preloading 0 native plugins for Editor in 0.00 ms.
Invoked RoslynAnalysisRunner static constructor.
RoslynAnalysisRunner will not be running.
RoslynAnalysisRunner has terminated.
Mono: successfully reloaded assembly
- Completed reload, in  2.794 seconds
Platform modules already initialized, skipping
Registering precompiled user dll's ...
Registered in 0.001891 seconds.
Begin MonoManager ReloadAssembly
Native extension for WindowsStandalone target not found
Native extension for OSXStandalone target not found
Native extension for WebGL target not found
Refreshing native plugins compatible for Editor in 42.14 ms, found 0 plugins.
Preloading 0 native plugins for Editor in 0.00 ms.
Invoked RoslynAnalysisRunner static constructor.
RoslynAnalysisRunner will not be running.
RoslynAnalysisRunner has terminated.
Mono: successfully reloaded assembly
- Completed reload, in  1.019 seconds
Platform modules already initialized, skipping
========================================================================
Worker process is ready to serve import requests
Shader 'Universal Render Pipeline/Particles/Lit': fallback shader 'Universal Render Pipeline/Particles/SimpleLit' not found
Shader 'Universal Render Pipeline/Particles/Lit': fallback shader 'Universal Render Pipeline/Particles/SimpleLit' not found
Launched and connected shader compiler UnityShaderCompiler.exe after 0.06 seconds
Refreshing native plugins compatible for Editor in 0.42 ms, found 0 plugins.
Preloading 0 native plugins for Editor in 0.00 ms.
Unloading 2417 Unused Serialized files (Serialized files now loaded: 0)
System memory in use before: 110.9 MB.
System memory in use after: 108.7 MB.

Unloading 45 unused Assets to reduce memory usage. Loaded Objects now: 2823.
Total: 8.730100 ms (FindLiveObjects: 1.466200 ms CreateObjectMapping: 0.482800 ms MarkObjects: 3.808100 ms  DeleteObjects: 2.970200 ms)

========================================================================
Received Import Request.
  path: Assets/Readme.asset
  artifactKey: Guid(83c2ed844a8c74b779a4c823d16594b1) Importer(815301076,1909f56bfc062723c751e8b465ee728b)
Start importing Assets/Readme.asset using Guid(83c2ed844a8c74b779a4c823d16594b1) Importer(815301076,1909f56bfc062723c751e8b465ee728b)  -> (artifact id: '5dcbb894266d2c9b152955f6bbad470d') in 0.070838 seconds
  Import took 0.076663 seconds .

========================================================================
Received Import Request.
  Time since last request: 75.504898 seconds.
  path: Assets/ExampleAssets/Models/Workbench_Low.fbx
  artifactKey: Guid(ff6dc36862fe41641bb21568d92147c9) Importer(815301076,1909f56bfc062723c751e8b465ee728b)
Start importing Assets/ExampleAssets/Models/Workbench_Low.fbx using Guid(ff6dc36862fe41641bb21568d92147c9) Importer(815301076,1909f56bfc062723c751e8b465ee728b)  -> (artifact id: '881b8428d42a3440f9af60cec77193ea') in 1.245379 seconds
  Import took 1.251847 seconds .

========================================================================
Received Import Request.
  Time since last request: 0.000689 seconds.
  path: Assets/ExampleAssets/Models/hammer_low.fbx
  artifactKey: Guid(68a66fb5a71f8204a8dcb613c97d1fa8) Importer(815301076,1909f56bfc062723c751e8b465ee728b)
Start importing Assets/ExampleAssets/Models/hammer_low.fbx using Guid(68a66fb5a71f8204a8dcb613c97d1fa8) Importer(815301076,1909f56bfc062723c751e8b465ee728b)  -> (artifact id: '0371a39c2b89841dfc76e9adf152cba6') in 0.030360 seconds
  Import took 0.035412 seconds .

========================================================================
Received Import Request.
  Time since last request: 0.000310 seconds.
  path: Assets/ExampleAssets/Models/magneticlevel_low.fbx
  artifactKey: Guid(bae110eee250e4b418b188f4ae4e3170) Importer(815301076,1909f56bfc062723c751e8b465ee728b)
Start importing Assets/ExampleAssets/Models/magneticlevel_low.fbx using Guid(bae110eee250e4b418b188f4ae4e3170) Importer(815301076,1909f56bfc062723c751e8b465ee728b)  -> (artifact id: '29dc1f21eeb4620a9113aa1cc3ea5fb6') in 0.441242 seconds
  Import took 0.447321 seconds .

========================================================================
Received Import Request.
  Time since last request: 0.000347 seconds.
  path: Assets/ExampleAssets/Models/brush_low.fbx
  artifactKey: Guid(aed8c47425ab91f4eb06ce6fe47c3e4e) Importer(815301076,1909f56bfc062723c751e8b465ee728b)
Start importing Assets/ExampleAssets/Models/brush_low.fbx using Guid(aed8c47425ab91f4eb06ce6fe47c3e4e) Importer(815301076,1909f56bfc062723c751e8b465ee728b)  -> (artifact id: 'fe8c7f06b3f3a5be7e8e58913f43f64a') in 0.023907 seconds
  Import took 0.033290 seconds .

========================================================================
Received Import Request.
  Time since last request: 0.000378 seconds.
  path: Assets/ExampleAssets/Models/Workshop_Set.fbx
  artifactKey: Guid(47616bd0cda748d4cbedcfc908506b9d) Importer(815301076,1909f56bfc062723c751e8b465ee728b)
Start importing Assets/ExampleAssets/Models/Workshop_Set.fbx using Guid(47616bd0cda748d4cbedcfc908506b9d) Importer(815301076,1909f56bfc062723c751e8b465ee728b)  -> (artifact id: 'ec05017ae0006ccb1da4c3a1e8267475') in 0.111064 seconds
  Import took 0.117043 seconds .

========================================================================
Received Import Request.
  Time since last request: 0.000334 seconds.
  path: Assets/ExampleAssets/Models/ConstructionLight_Low.fbx
  artifactKey: Guid(e3ae06a3979f53046aa05330d69de1fa) Importer(815301076,1909f56bfc062723c751e8b465ee728b)
Start importing Assets/ExampleAssets/Models/ConstructionLight_Low.fbx using Guid(e3ae06a3979f53046aa05330d69de1fa) Importer(815301076,1909f56bfc062723c751e8b465ee728b)  -> (artifact id: 'b039e57260b9f4769ff3ad552e4ebd2d') in 0.050795 seconds
  Import took 0.079363 seconds .

========================================================================
Received Import Request.
  Time since last request: 0.000304 seconds.
  path: Assets/ExampleAssets/Models/Workbench.fbx
  artifactKey: Guid(efe9381559c516743bd05cef82f39ebb) Importer(815301076,1909f56bfc062723c751e8b465ee728b)
Start importing Assets/ExampleAssets/Models/Workbench.fbx using Guid(efe9381559c516743bd05cef82f39ebb) Importer(815301076,1909f56bfc062723c751e8b465ee728b)  -> (artifact id: '1ed10bf53a912e8bc2f45673f2b6518e') in 0.082114 seconds
  Import took 0.087757 seconds .

========================================================================
Received Import Request.
  Time since last request: 1.399620 seconds.
  path: Assets/ExampleAssets/Models/paintbucket_low.fbx
  artifactKey: Guid(b451a052397f03c4f8a04d915d1c0492) Importer(815301076,1909f56bfc062723c751e8b465ee728b)
Start importing Assets/ExampleAssets/Models/paintbucket_low.fbx using Guid(b451a052397f03c4f8a04d915d1c0492) Importer(815301076,1909f56bfc062723c751e8b465ee728b)  -> (artifact id: 'd4178f58970602a05fc185a68cf8c7cf') in 0.064089 seconds
  Import took 0.071080 seconds .

========================================================================
Received Import Request.
  Time since last request: 0.000331 seconds.
  path: Assets/ExampleAssets/Models/safetygoggles_low.fbx
  artifactKey: Guid(6296e48663fd7ad46b1a2af507f871cf) Importer(815301076,1909f56bfc062723c751e8b465ee728b)
Start importing Assets/ExampleAssets/Models/safetygoggles_low.fbx using Guid(6296e48663fd7ad46b1a2af507f871cf) Importer(815301076,1909f56bfc062723c751e8b465ee728b)  -> (artifact id: 'ef4d1ba88bc66d314a773fc270300ce0') in 0.040614 seconds
  Import took 0.045934 seconds .

========================================================================
Received Import Request.
  Time since last request: 0.000285 seconds.
  path: Assets/ExampleAssets/Models/Stud.fbx
  artifactKey: Guid(34624edaccd9d704a95ed404d919b492) Importer(815301076,1909f56bfc062723c751e8b465ee728b)
Start importing Assets/ExampleAssets/Models/Stud.fbx using Guid(34624edaccd9d704a95ed404d919b492) Importer(815301076,1909f56bfc062723c751e8b465ee728b)  -> (artifact id: '7873ca91a4f1399382e66c251486f82a') in 0.036870 seconds
  Import took 0.044442 seconds .

========================================================================
Received Import Request.
  Time since last request: 0.000315 seconds.
  path: Assets/ExampleAssets/Models/jigsaw_low.fbx
  artifactKey: Guid(8b73e8872ca76104bbca4ee2b704a1b4) Importer(815301076,1909f56bfc062723c751e8b465ee728b)
Start importing Assets/ExampleAssets/Models/jigsaw_low.fbx using Guid(8b73e8872ca76104bbca4ee2b704a1b4) Importer(815301076,1909f56bfc062723c751e8b465ee728b)  -> (artifact id: '95510d061cf6dae34dc17f411ce0b35a') in 0.025584 seconds
  Import took 0.032894 seconds .

========================================================================
Received Import Request.
  Time since last request: 0.000295 seconds.
  path: Assets/ExampleAssets/Models/paintbucket_low.fbx
  artifactKey: Guid(b451a052397f03c4f8a04d915d1c0492) Importer(815301076,1909f56bfc062723c751e8b465ee728b)
Start importing Assets/ExampleAssets/Models/paintbucket_low.fbx using Guid(b451a052397f03c4f8a04d915d1c0492) Importer(815301076,1909f56bfc062723c751e8b465ee728b)  -> (artifact id: 'd4178f58970602a05fc185a68cf8c7cf') in 0.062439 seconds
  Import took 0.067498 seconds .

========================================================================
Received Import Request.
  Time since last request: 0.000262 seconds.
  path: Assets/ExampleAssets/Models/safetyhat_low.fbx
  artifactKey: Guid(9d0d902f71acfe646a46cb625f815a49) Importer(815301076,1909f56bfc062723c751e8b465ee728b)
Start importing Assets/ExampleAssets/Models/safetyhat_low.fbx using Guid(9d0d902f71acfe646a46cb625f815a49) Importer(815301076,1909f56bfc062723c751e8b465ee728b)  -> (artifact id: '27fc7791cd775311acc646dd1e923e58') in 0.035279 seconds
  Import took 0.049541 seconds .

========================================================================
Received Import Request.
  Time since last request: 0.000295 seconds.
  path: Assets/ExampleAssets/Models/small_plane.fbx
  artifactKey: Guid(aeaee610429f51f44981e141eb2a3545) Importer(815301076,1909f56bfc062723c751e8b465ee728b)
Start importing Assets/ExampleAssets/Models/small_plane.fbx using Guid(aeaee610429f51f44981e141eb2a3545) Importer(815301076,1909f56bfc062723c751e8b465ee728b)  -> (artifact id: '7e177cf27d18236cae207972c404d2c6') in 0.019926 seconds
  Import took 0.038104 seconds .

========================================================================
Received Import Request.
  Time since last request: 377.814370 seconds.
  path: Assets/Ground.mat
  artifactKey: Guid(3445a6e100387d544ab310e2c9d15bf1) Importer(815301076,1909f56bfc062723c751e8b465ee728b)
Start importing Assets/Ground.mat using Guid(3445a6e100387d544ab310e2c9d15bf1) Importer(815301076,1909f56bfc062723c751e8b465ee728b)  -> (artifact id: '575793b4d11d2814a827b94c8992c3fc') in 0.018077 seconds
  Import took 0.024652 seconds .

========================================================================
Received Prepare
Assets/Tiger/Tiger.c4d: Unity no longer supports importing Cinema 4D files directly, but we're working with Maxon to make the experience better. To import Cinema 4D files, install Maxon's external importer. You can find more information on the Unity Forum: https://on.unity.com/c4d.

Please note that FBX files exported from Cinema4D are still supported.

Assets/Tiger/Tiger Destroyed.c4d: Unity no longer supports importing Cinema 4D files directly, but we're working with Maxon to make the experience better. To import Cinema 4D files, install Maxon's external importer. You can find more information on the Unity Forum: https://on.unity.com/c4d.

Please note that FBX files exported from Cinema4D are still supported.

Registering precompiled user dll's ...
Registered in 0.001269 seconds.
Begin MonoManager ReloadAssembly
Native extension for WindowsStandalone target not found
Native extension for OSXStandalone target not found
Native extension for WebGL target not found
Refreshing native plugins compatible for Editor in 0.45 ms, found 0 plugins.
Preloading 0 native plugins for Editor in 0.00 ms.
Invoked RoslynAnalysisRunner static constructor.
RoslynAnalysisRunner will not be running.
RoslynAnalysisRunner has terminated.
Mono: successfully reloaded assembly
- Completed reload, in  1.014 seconds
Platform modules already initialized, skipping
Shader 'Universal Render Pipeline/Particles/Lit': fallback shader 'Universal Render Pipeline/Particles/SimpleLit' not found
Shader 'Universal Render Pipeline/Particles/Lit': fallback shader 'Universal Render Pipeline/Particles/SimpleLit' not found
Refreshing native plugins compatible for Editor in 0.34 ms, found 0 plugins.
Preloading 0 native plugins for Editor in 0.00 ms.
Unloading 2340 Unused Serialized files (Serialized files now loaded: 0)
System memory in use before: 114.1 MB.
System memory in use after: 111.9 MB.

Unloading 41 unused Assets to reduce memory usage. Loaded Objects now: 2908.
Total: 4.349600 ms (FindLiveObjects: 0.348600 ms CreateObjectMapping: 0.118300 ms MarkObjects: 2.505800 ms  DeleteObjects: 1.374700 ms)

========================================================================
Received Import Request.
  Time since last request: 21.676736 seconds.
  path: Assets/Presets/AudioCompressedInMemory.preset
  artifactKey: Guid(2dd802e4d37c65149922028d3e973832) Importer(815301076,1909f56bfc062723c751e8b465ee728b)
Start importing Assets/Presets/AudioCompressedInMemory.preset using Guid(2dd802e4d37c65149922028d3e973832) Importer(815301076,1909f56bfc062723c751e8b465ee728b)  -> (artifact id: 'f1008744868140792b9123870cddc746') in 0.015691 seconds
  Import took 0.019695 seconds .

========================================================================
Received Import Request.
  Time since last request: 0.000392 seconds.
  path: Assets/Presets/AudioStreaming.preset
  artifactKey: Guid(86bcce7f5575b54408aa0f3a7d321039) Importer(815301076,1909f56bfc062723c751e8b465ee728b)
Start importing Assets/Presets/AudioStreaming.preset using Guid(86bcce7f5575b54408aa0f3a7d321039) Importer(815301076,1909f56bfc062723c751e8b465ee728b)  -> (artifact id: '86c8197765dc6a305ccc7924698bf36e') in 0.002387 seconds
  Import took 0.006257 seconds .

========================================================================
Received Import Request.
  Time since last request: 0.000332 seconds.
  path: Assets/Presets/NormalTexture.preset
  artifactKey: Guid(14a57cf3b9fa1c74b884aa7e0dcf1faa) Importer(815301076,1909f56bfc062723c751e8b465ee728b)
Start importing Assets/Presets/NormalTexture.preset using Guid(14a57cf3b9fa1c74b884aa7e0dcf1faa) Importer(815301076,1909f56bfc062723c751e8b465ee728b)  -> (artifact id: '31de465e5e16ba5b635abbad06e1c379') in 0.004936 seconds
  Import took 0.010024 seconds .

========================================================================
Received Import Request.
  Time since last request: 0.000262 seconds.
  path: Assets/Presets/UtilityTexture.preset
  artifactKey: Guid(45f7b2e3c78185248b3adbb14429c2ab) Importer(815301076,1909f56bfc062723c751e8b465ee728b)
Start importing Assets/Presets/UtilityTexture.preset using Guid(45f7b2e3c78185248b3adbb14429c2ab) Importer(815301076,1909f56bfc062723c751e8b465ee728b)  -> (artifact id: 'fe127a8a65fcec4f52e19b7262283641') in 0.005791 seconds
  Import took 0.011501 seconds .

========================================================================
Received Import Request.
  Time since last request: 4.308101 seconds.
  path: Assets/Materials/Skybox_Mat.mat
  artifactKey: Guid(0ffaa0b7117ba8c47a9d05ae701d4b4d) Importer(815301076,1909f56bfc062723c751e8b465ee728b)
Start importing Assets/Materials/Skybox_Mat.mat using Guid(0ffaa0b7117ba8c47a9d05ae701d4b4d) Importer(815301076,1909f56bfc062723c751e8b465ee728b)  -> (artifact id: '2cb81bd57e6edfacbbe58357158cba79') in 0.168256 seconds
  Import took 0.178975 seconds .

========================================================================
Received Import Request.
  Time since last request: 20.021750 seconds.
  path: Assets/Models/Tiger Tank/Tiger Destroyed.3ds
  artifactKey: Guid(53ed1c4e67bb8c24a8a0d89b3102fbd1) Importer(815301076,1909f56bfc062723c751e8b465ee728b)
Start importing Assets/Models/Tiger Tank/Tiger Destroyed.3ds using Guid(53ed1c4e67bb8c24a8a0d89b3102fbd1) Importer(815301076,1909f56bfc062723c751e8b465ee728b)  -> (artifact id: '415ed5dc8748aa1fd8eab619b24dc5db') in 0.056628 seconds
  Import took 0.063091 seconds .

========================================================================
Received Import Request.
  Time since last request: 0.000496 seconds.
  path: Assets/Models/Tiger Tank/Tiger.obj
  artifactKey: Guid(d60cc322882a74f48843e371c20a78ab) Importer(815301076,1909f56bfc062723c751e8b465ee728b)
Start importing Assets/Models/Tiger Tank/Tiger.obj using Guid(d60cc322882a74f48843e371c20a78ab) Importer(815301076,1909f56bfc062723c751e8b465ee728b)  -> (artifact id: 'ad60c37b1391eabedab151667492be9a') in 0.146095 seconds
  Import took 0.150248 seconds .

========================================================================
Received Import Request.
  Time since last request: 0.000254 seconds.
  path: Assets/Models/Tiger Tank/Tiger Destroyed.obj
  artifactKey: Guid(ce1fb94cd6bdb8645ab7f8a29b3d3875) Importer(815301076,1909f56bfc062723c751e8b465ee728b)
Start importing Assets/Models/Tiger Tank/Tiger Destroyed.obj using Guid(ce1fb94cd6bdb8645ab7f8a29b3d3875) Importer(815301076,1909f56bfc062723c751e8b465ee728b)  -> (artifact id: 'ac96c2994171d88f69c6395ffeadc865') in 0.023918 seconds
  Import took 0.027516 seconds .

========================================================================
Received Import Request.
  Time since last request: 0.000243 seconds.
  path: Assets/Models/Tiger Tank/Tiger.3ds
  artifactKey: Guid(2c225eef7e800bf42995f352ed7ee970) Importer(815301076,1909f56bfc062723c751e8b465ee728b)
Start importing Assets/Models/Tiger Tank/Tiger.3ds using Guid(2c225eef7e800bf42995f352ed7ee970) Importer(815301076,1909f56bfc062723c751e8b465ee728b)  -> (artifact id: '6b6e0ac8f7a478ad4efab8f8182d5504') in 0.138155 seconds
  Import took 0.147547 seconds .

========================================================================
Received Import Request.
  Time since last request: 0.001169 seconds.
  path: Assets/Models/Tiger Tank/Tiger Destroyed.obj
  artifactKey: Guid(ce1fb94cd6bdb8645ab7f8a29b3d3875) Importer(815301076,1909f56bfc062723c751e8b465ee728b)
Start importing Assets/Models/Tiger Tank/Tiger Destroyed.obj using Guid(ce1fb94cd6bdb8645ab7f8a29b3d3875) Importer(815301076,1909f56bfc062723c751e8b465ee728b)  -> (artifact id: 'ac96c2994171d88f69c6395ffeadc865') in 0.024621 seconds
  Import took 0.029775 seconds .

========================================================================
Received Import Request.
  Time since last request: 160.807552 seconds.
  path: Assets/Models/Tiger Tank/tex/MG_body.BMP
  artifactKey: Guid(34da17b4998a890438da61a6e3457c7a) Importer(815301076,1909f56bfc062723c751e8b465ee728b)
Start importing Assets/Models/Tiger Tank/tex/MG_body.BMP using Guid(34da17b4998a890438da61a6e3457c7a) Importer(815301076,1909f56bfc062723c751e8b465ee728b)  -> (artifact id: '13736119e5402f4085ec4c013203c0ac') in 0.084281 seconds
  Import took 0.099251 seconds .

========================================================================
Received Import Request.
  Time since last request: 0.000483 seconds.
  path: Assets/Models/Tiger Tank/tex/Tank_body_nocolor.BMP
  artifactKey: Guid(6b8003fcab90cff4d9be30a88b90a806) Importer(815301076,1909f56bfc062723c751e8b465ee728b)
Start importing Assets/Models/Tiger Tank/tex/Tank_body_nocolor.BMP using Guid(6b8003fcab90cff4d9be30a88b90a806) Importer(815301076,1909f56bfc062723c751e8b465ee728b)  -> (artifact id: 'ebab12fac6604e74a9a1ae0280bd5fcd') in 0.006657 seconds
  Import took 0.010943 seconds .

========================================================================
Received Import Request.
  Time since last request: 0.000308 seconds.
  path: Assets/Models/Tiger Tank/tex/Tank_Body_Forest.BMP
  artifactKey: Guid(0f982e86ffe9a9c4c890a107ad6dc50b) Importer(815301076,1909f56bfc062723c751e8b465ee728b)
Start importing Assets/Models/Tiger Tank/tex/Tank_Body_Forest.BMP using Guid(0f982e86ffe9a9c4c890a107ad6dc50b) Importer(815301076,1909f56bfc062723c751e8b465ee728b)  -> (artifact id: '3e9f2a77b73364a9a97c3139b68450f8') in 0.009924 seconds
  Import took 0.033218 seconds .

========================================================================
Received Import Request.
  Time since last request: 0.000323 seconds.
  path: Assets/Models/Tiger Tank/tex/Track.BMP
  artifactKey: Guid(d8a4885b198535e48b10883b4235c0a4) Importer(815301076,1909f56bfc062723c751e8b465ee728b)
Start importing Assets/Models/Tiger Tank/tex/Track.BMP using Guid(d8a4885b198535e48b10883b4235c0a4) Importer(815301076,1909f56bfc062723c751e8b465ee728b)  -> (artifact id: '30ab509388452126e9b57c2dd9fc4993') in 0.023305 seconds
  Import took 0.038246 seconds .

========================================================================
Received Import Request.
  Time since last request: 0.000282 seconds.
  path: Assets/Models/Tiger Tank/tex/Tank_Body_Destroyed.BMP
  artifactKey: Guid(b9ae15306bbf27e45afa34f788765b73) Importer(815301076,1909f56bfc062723c751e8b465ee728b)
Start importing Assets/Models/Tiger Tank/tex/Tank_Body_Destroyed.BMP using Guid(b9ae15306bbf27e45afa34f788765b73) Importer(815301076,1909f56bfc062723c751e8b465ee728b)  -> (artifact id: 'fcd12967bcee3a9e1b467691129cedbd') in 0.021297 seconds
  Import took 0.033740 seconds .

========================================================================
Received Import Request.
  Time since last request: 0.000339 seconds.
  path: Assets/Models/Tiger Tank/tex/Tank_Body_Desert.BMP
  artifactKey: Guid(141b87d80cced23418647e7c08b21905) Importer(815301076,1909f56bfc062723c751e8b465ee728b)
Start importing Assets/Models/Tiger Tank/tex/Tank_Body_Desert.BMP using Guid(141b87d80cced23418647e7c08b21905) Importer(815301076,1909f56bfc062723c751e8b465ee728b)  -> (artifact id: 'fa9b1de70936d4bad4fd2a309ae96097') in 0.010796 seconds
  Import took 0.014504 seconds .

========================================================================
Received Import Request.
  Time since last request: 0.000305 seconds.
  path: Assets/Models/Tiger Tank/tex/Tank_Alpha.BMP
  artifactKey: Guid(1b7483e7411c47c4db9d14fdac6229d4) Importer(815301076,1909f56bfc062723c751e8b465ee728b)
Start importing Assets/Models/Tiger Tank/tex/Tank_Alpha.BMP using Guid(1b7483e7411c47c4db9d14fdac6229d4) Importer(815301076,1909f56bfc062723c751e8b465ee728b)  -> (artifact id: '69f8062fd68d945e2ad5a2bd2badff15') in 0.010744 seconds
  Import took 0.015609 seconds .

========================================================================
Received Import Request.
  Time since last request: 0.000519 seconds.
  path: Assets/Models/Tiger Tank/tex/Tank_body.BMP
  artifactKey: Guid(a578641677e539b48b2dc63557955519) Importer(815301076,1909f56bfc062723c751e8b465ee728b)
Start importing Assets/Models/Tiger Tank/tex/Tank_body.BMP using Guid(a578641677e539b48b2dc63557955519) Importer(815301076,1909f56bfc062723c751e8b465ee728b)  -> (artifact id: '26aef9ecc82f3ed9ed75faa07142d0dd') in 0.008527 seconds
  Import took 0.013725 seconds .

========================================================================
Received Import Request.
  Time since last request: 0.000363 seconds.
  path: Assets/Models/Tiger Tank/tex/MG_body_nocolor.BMP
  artifactKey: Guid(75375bba2b136474b88d7eeb1cbce09b) Importer(815301076,1909f56bfc062723c751e8b465ee728b)
Start importing Assets/Models/Tiger Tank/tex/MG_body_nocolor.BMP using Guid(75375bba2b136474b88d7eeb1cbce09b) Importer(815301076,1909f56bfc062723c751e8b465ee728b)  -> (artifact id: '804ff76b6df9bb7fbee3e1fd62987705') in 0.010175 seconds
  Import took 0.014574 seconds .

========================================================================
Received Import Request.
  Time since last request: 0.000234 seconds.
  path: Assets/Models/Tiger Tank/tex/Tank_Body_Snow.BMP
  artifactKey: Guid(33af1335327869e4ea333321d3840c5a) Importer(815301076,1909f56bfc062723c751e8b465ee728b)
Start importing Assets/Models/Tiger Tank/tex/Tank_Body_Snow.BMP using Guid(33af1335327869e4ea333321d3840c5a) Importer(815301076,1909f56bfc062723c751e8b465ee728b)  -> (artifact id: '02feb0abfecfad201671649256b2e052') in 0.008280 seconds
  Import took 0.013970 seconds .

========================================================================
Received Import Request.
  Time since last request: 8725.877925 seconds.
  path: Assets/Models/Tiger Tank/my tank.blend
  artifactKey: Guid(2632765c6044c7e48b5030a543014425) Importer(815301076,1909f56bfc062723c751e8b465ee728b)
Start importing Assets/Models/Tiger Tank/my tank.blend using Guid(2632765c6044c7e48b5030a543014425) Importer(815301076,1909f56bfc062723c751e8b465ee728b)  -> (artifact id: '818df2adcc406c89b9d603eac91385f9') in 0.196052 seconds
  Import took 0.274274 seconds .

========================================================================
Received Import Request.
  Time since last request: 65.926817 seconds.
  path: Assets/Models/Tiger Tank/my tank.blend
  artifactKey: Guid(2632765c6044c7e48b5030a543014425) Importer(815301076,1909f56bfc062723c751e8b465ee728b)
Start importing Assets/Models/Tiger Tank/my tank.blend using Guid(2632765c6044c7e48b5030a543014425) Importer(815301076,1909f56bfc062723c751e8b465ee728b)  -> (artifact id: '10ed0e726f8d4f51cfeac0cba689aa48') in 0.129938 seconds
  Import took 0.136274 seconds .

========================================================================
Received Import Request.
  Time since last request: 8.660618 seconds.
  path: Assets/Models/Tiger Tank
  artifactKey: Guid(447833530306ed748816e6fbeec04d72) Importer(815301076,1909f56bfc062723c751e8b465ee728b)
Start importing Assets/Models/Tiger Tank using Guid(447833530306ed748816e6fbeec04d72) Importer(815301076,1909f56bfc062723c751e8b465ee728b)  -> (artifact id: '31d4504256a626e679a4544455ab3ca5') in 0.003902 seconds
  Import took 0.008432 seconds .

========================================================================
Received Import Request.
  Time since last request: 7.408792 seconds.
  path: Assets/Models/Tiger Tank/Body.mat
  artifactKey: Guid(bec71b1c88127224ca0003c5eeba1f86) Importer(815301076,1909f56bfc062723c751e8b465ee728b)
Start importing Assets/Models/Tiger Tank/Body.mat using Guid(bec71b1c88127224ca0003c5eeba1f86) Importer(815301076,1909f56bfc062723c751e8b465ee728b)  -> (artifact id: 'f1723bfbd1ce7bcf70e3cf7a3f4b3075') in 0.012328 seconds
  Import took 0.016938 seconds .

========================================================================
Received Import Request.
  Time since last request: 5.442190 seconds.
  path: Assets/Models/Tiger Tank/Track.mat
  artifactKey: Guid(06e4d7a22ee5c86468d4f6f5bdcd25ab) Importer(815301076,1909f56bfc062723c751e8b465ee728b)
Start importing Assets/Models/Tiger Tank/Track.mat using Guid(06e4d7a22ee5c86468d4f6f5bdcd25ab) Importer(815301076,1909f56bfc062723c751e8b465ee728b)  -> (artifact id: '76ea60c356e9dde4fd287fe3c5fe8aae') in 0.009035 seconds
  Import took 0.013486 seconds .

========================================================================
Received Import Request.
  Time since last request: 8.042367 seconds.
  path: Assets/Models/Tiger Tank/Turret.mat
  artifactKey: Guid(dba3ff03426ec754e9ae6ca0595cf74c) Importer(815301076,1909f56bfc062723c751e8b465ee728b)
Start importing Assets/Models/Tiger Tank/Turret.mat using Guid(dba3ff03426ec754e9ae6ca0595cf74c) Importer(815301076,1909f56bfc062723c751e8b465ee728b)  -> (artifact id: '281bf0cbf8b4343bc5c50b69552371a7') in 0.009801 seconds
  Import took 0.015818 seconds .

========================================================================
Received Import Request.
  Time since last request: 17.809019 seconds.
  path: Assets/Models/Tiger Tank/my tank.blend
  artifactKey: Guid(2632765c6044c7e48b5030a543014425) Importer(815301076,1909f56bfc062723c751e8b465ee728b)
Start importing Assets/Models/Tiger Tank/my tank.blend using Guid(2632765c6044c7e48b5030a543014425) Importer(815301076,1909f56bfc062723c751e8b465ee728b)  -> (artifact id: '7462a39b9e04d32b6ada16368aea93b8') in 0.095639 seconds
  Import took 0.105115 seconds .

========================================================================
Received Import Request.
  Time since last request: 21.337554 seconds.
  path: Assets/Models/Tiger Tank/my tank.blend
  artifactKey: Guid(2632765c6044c7e48b5030a543014425) Importer(815301076,1909f56bfc062723c751e8b465ee728b)
Start importing Assets/Models/Tiger Tank/my tank.blend using Guid(2632765c6044c7e48b5030a543014425) Importer(815301076,1909f56bfc062723c751e8b465ee728b)  -> (artifact id: '20eef4f081b92ee2fccf2f3945c00147') in 0.116017 seconds
  Import took 0.121875 seconds .

========================================================================
Received Import Request.
  Time since last request: 67.346769 seconds.
  path: Assets/Models/Tiger Tank/my tank.blend
  artifactKey: Guid(2632765c6044c7e48b5030a543014425) Importer(815301076,1909f56bfc062723c751e8b465ee728b)
Start importing Assets/Models/Tiger Tank/my tank.blend using Guid(2632765c6044c7e48b5030a543014425) Importer(815301076,1909f56bfc062723c751e8b465ee728b)  -> (artifact id: '050562069bde21acda0309af8278aa54') in 0.117497 seconds
  Import took 0.121628 seconds .

========================================================================
Received Import Request.
  Time since last request: 40391.702572 seconds.
  path: Assets/Models/Tiger Tank/my tank.blend
  artifactKey: Guid(2632765c6044c7e48b5030a543014425) Importer(815301076,1909f56bfc062723c751e8b465ee728b)
Start importing Assets/Models/Tiger Tank/my tank.blend using Guid(2632765c6044c7e48b5030a543014425) Importer(815301076,1909f56bfc062723c751e8b465ee728b)  -> (artifact id: 'efcce388188a7a71278eca8778bbb0bd') in 0.107636 seconds
  Import took 0.112613 seconds .

========================================================================
Received Import Request.
  Time since last request: 3659.579323 seconds.
  path: Assets/Models/Tiger Tank/Body.mat
  artifactKey: Guid(bec71b1c88127224ca0003c5eeba1f86) Importer(815301076,1909f56bfc062723c751e8b465ee728b)
Start importing Assets/Models/Tiger Tank/Body.mat using Guid(bec71b1c88127224ca0003c5eeba1f86) Importer(815301076,1909f56bfc062723c751e8b465ee728b)  -> (artifact id: 'c293b1fe77febd69b101d687b4740339') in 0.026054 seconds
  Import took 0.031160 seconds .

========================================================================
Received Import Request.
  Time since last request: 0.000305 seconds.
  path: Assets/Models/Tiger Tank/Track.mat
  artifactKey: Guid(06e4d7a22ee5c86468d4f6f5bdcd25ab) Importer(815301076,1909f56bfc062723c751e8b465ee728b)
Start importing Assets/Models/Tiger Tank/Track.mat using Guid(06e4d7a22ee5c86468d4f6f5bdcd25ab) Importer(815301076,1909f56bfc062723c751e8b465ee728b)  -> (artifact id: 'dc7df5132a334c96213262f57355175e') in 0.008096 seconds
  Import took 0.012586 seconds .

========================================================================
Received Import Request.
  Time since last request: 0.000476 seconds.
  path: Assets/Models/Tiger Tank/Turret.mat
  artifactKey: Guid(dba3ff03426ec754e9ae6ca0595cf74c) Importer(815301076,1909f56bfc062723c751e8b465ee728b)
Start importing Assets/Models/Tiger Tank/Turret.mat using Guid(dba3ff03426ec754e9ae6ca0595cf74c) Importer(815301076,1909f56bfc062723c751e8b465ee728b)  -> (artifact id: '2b1e672f3a9959e7d5240fdd215e8a26') in 0.009336 seconds
  Import took 0.015270 seconds .

AssetImportWorkerClient::OnTransportError - code=2 error=End of file
