Using pre-set license
Built from '2020.3/release' branch; Version is '2020.3.1f1 (77a89f25062f) revision 7841951'; Using compiler version '192528614'; Build Type 'Release'
OS: 'Windows 10 Home; OS build 19042.1110; Version 2009; 64bit' Language: 'en' Physical Memory: 7645 MB
BatchMode: 1, IsHumanControllingUs: 0, StartBugReporterOnCrash: 0, Is64bit: 1, IsPro: 0

 COMMAND LINE ARGUMENTS:
C:\Program Files\Unity\Hub\Editor\2020.3.1f1\Editor\Unity.exe
-adb2
-batchMode
-noUpm
-name
AssetImportWorker2
-projectPath
C:/Users/Malachai/Documents/Unity/Projects/Drifty-Tanks-2
-logFile
Logs/AssetImportWorker2.log
-srvPort
60309
Successfully changed project path to: C:/Users/Malachai/Documents/Unity/Projects/Drifty-Tanks-2
C:/Users/Malachai/Documents/Unity/Projects/Drifty-Tanks-2
Using Asset Import Pipeline V2.
